日志时间：2022-05-07 09:00:48,933 
日志级别：INFO   
日志内容：XML文件读取成功。

日志时间：2022-05-07 09:00:54,038 
日志级别：WARN   
日志内容：plc连接失败:IP127.0.0.1  Port:9600

日志时间：2022-05-07 09:00:54,039 
日志级别：INFO   
日志内容：链接成功

日志时间：2022-05-07 09:00:54,039 
日志级别：INFO   
日志内容：127.0.0.1:9600:Tcp接入

日志时间：2022-05-07 09:00:59,056 
日志级别：INFO   
日志内容：127.0.0.1:9600:由于连接方在一段时间后没有正确答复或连接的主机没有反应，连接尝试失败。

日志时间：2022-05-07 09:00:59,056 
日志级别：INFO   
日志内容：初始化完成

日志时间：2022-05-07 09:01:48,932 
日志级别：INFO   
日志内容：主窗体隐藏。

日志时间：2022-05-07 09:01:48,933 
日志级别：INFO   
日志内容：窗体最小化。

